--- Exit Status: 125 ---
--- STDOUT ---
[1/2] STEP 1/6: FROM node:20-alpine AS builder
[1/2] STEP 2/6: WORKDIR /app
--> 5bf494a46775
[1/2] STEP 3/6: COPY package*.json ./
--> e8f732ce9d28
[1/2] STEP 4/6: RUN npm install

added 368 packages, and audited 369 packages in 28s

145 packages are looking for funding
  run `npm fund` for details

7 vulnerabilities (3 moderate, 4 high)

To address issues that do not require attention, run:
  npm audit fix

To address all issues, run:
  npm audit fix --force

Run `npm audit` for details.
--> b07e6ce0e13b
[1/2] STEP 5/6: COPY . .
--> 59ae5adf31de
[1/2] STEP 6/6: RUN npm run build

> inphora-website@0.1.0 build
> next build

Attention: Next.js now collects completely anonymous telemetry regarding usage.
This information is used to shape Next.js' roadmap and prioritize features.
You can learn more, including how to opt-out if you'd not like to participate in this anonymous program, by visiting the following URL:
https://nextjs.org/telemetry

▲ Next.js 16.1.6 (Turbopack)

  Creating an optimized production build ...
✓ Compiled successfully in 11.9s
  Running TypeScript ...
  Collecting page data using 1 worker ...
  Generating static pages using 1 worker (0/4) ...
  Generating static pages using 1 worker (1/4) 
  Generating static pages using 1 worker (2/4) 
  Generating static pages using 1 worker (3/4) 
✓ Generating static pages using 1 worker (4/4) in 463.7ms
  Finalizing page optimization ...

Route (app)
┌ ○ /
└ ○ /_not-found


○  (Static)  prerendered as static content

--> 1cd0b447616d
[2/2] STEP 1/4: FROM nginx:alpine
--- STDERR ---
time="2026-05-02T20:38:11Z" level=warning msg="can't raise ambient capability CAP_CHOWN: operation not permitted"
time="2026-05-02T20:38:11Z" level=warning msg="can't raise ambient capability CAP_DAC_OVERRIDE: operation not permitted"
time="2026-05-02T20:38:11Z" level=warning msg="can't raise ambient capability CAP_FOWNER: operation not permitted"
time="2026-05-02T20:38:11Z" level=warning msg="can't raise ambient capability CAP_FSETID: operation not permitted"
time="2026-05-02T20:38:11Z" level=warning msg="can't raise ambient capability CAP_KILL: operation not permitted"
time="2026-05-02T20:38:11Z" level=warning msg="can't raise ambient capability CAP_NET_BIND_SERVICE: operation not permitted"
time="2026-05-02T20:38:11Z" level=warning msg="can't raise ambient capability CAP_SETFCAP: operation not permitted"
time="2026-05-02T20:38:11Z" level=warning msg="can't raise ambient capability CAP_SETGID: operation not permitted"
time="2026-05-02T20:38:11Z" level=warning msg="can't raise ambient capability CAP_SETPCAP: operation not permitted"
time="2026-05-02T20:38:11Z" level=warning msg="can't raise ambient capability CAP_SETUID: operation not permitted"
time="2026-05-02T20:38:11Z" level=warning msg="can't raise ambient capability CAP_SYS_CHROOT: operation not permitted"
npm notice
npm notice New major version of npm available! 10.8.2 -> 11.13.0
npm notice Changelog: https://github.com/npm/cli/releases/tag/v11.13.0
npm notice To update run: npm install -g npm@11.13.0
npm notice
time="2026-05-02T20:39:05Z" level=warning msg="can't raise ambient capability CAP_CHOWN: operation not permitted"
time="2026-05-02T20:39:05Z" level=warning msg="can't raise ambient capability CAP_DAC_OVERRIDE: operation not permitted"
time="2026-05-02T20:39:05Z" level=warning msg="can't raise ambient capability CAP_FOWNER: operation not permitted"
time="2026-05-02T20:39:05Z" level=warning msg="can't raise ambient capability CAP_FSETID: operation not permitted"
time="2026-05-02T20:39:05Z" level=warning msg="can't raise ambient capability CAP_KILL: operation not permitted"
time="2026-05-02T20:39:05Z" level=warning msg="can't raise ambient capability CAP_NET_BIND_SERVICE: operation not permitted"
time="2026-05-02T20:39:05Z" level=warning msg="can't raise ambient capability CAP_SETFCAP: operation not permitted"
time="2026-05-02T20:39:05Z" level=warning msg="can't raise ambient capability CAP_SETGID: operation not permitted"
time="2026-05-02T20:39:05Z" level=warning msg="can't raise ambient capability CAP_SETPCAP: operation not permitted"
time="2026-05-02T20:39:05Z" level=warning msg="can't raise ambient capability CAP_SETUID: operation not permitted"
time="2026-05-02T20:39:05Z" level=warning msg="can't raise ambient capability CAP_SYS_CHROOT: operation not permitted"
Error: creating build container: short-name "nginx:alpine" did not resolve to an alias and no unqualified-search registries are defined in "/etc/containers/registries.conf"
